  Player.cpp
C:\Users\김도윤\Desktop\cg7\2024CG_Project\YsEngine\Player.h(1,1): warning C4828: 파일에 0x18d 오프셋에서 시작하는 문자가 포함되어 있습니다. 이 문자는 현재 원본 문자 집합에서 잘못된 문자입니다(코드 페이지 65001).
  (소스 파일 'Player.cpp'을(를) 컴파일하는 중)
  
C:\Users\김도윤\Desktop\cg7\2024CG_Project\YsEngine\Player.h(1,1): warning C4828: 파일에 0x18e 오프셋에서 시작하는 문자가 포함되어 있습니다. 이 문자는 현재 원본 문자 집합에서 잘못된 문자입니다(코드 페이지 65001).
  (소스 파일 'Player.cpp'을(를) 컴파일하는 중)
  
C:\Users\김도윤\Desktop\cg7\2024CG_Project\YsEngine\Player.h(1,1): warning C4828: 파일에 0x190 오프셋에서 시작하는 문자가 포함되어 있습니다. 이 문자는 현재 원본 문자 집합에서 잘못된 문자입니다(코드 페이지 65001).
  (소스 파일 'Player.cpp'을(를) 컴파일하는 중)
  
C:\Users\김도윤\Desktop\cg7\2024CG_Project\YsEngine\Player.h(1,1): warning C4828: 파일에 0x192 오프셋에서 시작하는 문자가 포함되어 있습니다. 이 문자는 현재 원본 문자 집합에서 잘못된 문자입니다(코드 페이지 65001).
  (소스 파일 'Player.cpp'을(를) 컴파일하는 중)
  
C:\Users\김도윤\Desktop\cg7\2024CG_Project\YsEngine\Player.h(1,1): warning C4828: 파일에 0x193 오프셋에서 시작하는 문자가 포함되어 있습니다. 이 문자는 현재 원본 문자 집합에서 잘못된 문자입니다(코드 페이지 65001).
  (소스 파일 'Player.cpp'을(를) 컴파일하는 중)
  
C:\Users\김도윤\Desktop\cg7\2024CG_Project\YsEngine\Player.h(1,1): warning C4828: 파일에 0x194 오프셋에서 시작하는 문자가 포함되어 있습니다. 이 문자는 현재 원본 문자 집합에서 잘못된 문자입니다(코드 페이지 65001).
  (소스 파일 'Player.cpp'을(를) 컴파일하는 중)
  
C:\Users\김도윤\Desktop\cg7\2024CG_Project\YsEngine\Player.h(1,1): warning C4828: 파일에 0x195 오프셋에서 시작하는 문자가 포함되어 있습니다. 이 문자는 현재 원본 문자 집합에서 잘못된 문자입니다(코드 페이지 65001).
  (소스 파일 'Player.cpp'을(를) 컴파일하는 중)
  
C:\Users\김도윤\Desktop\cg7\2024CG_Project\YsEngine\Player.h(1,1): warning C4828: 파일에 0x1bf 오프셋에서 시작하는 문자가 포함되어 있습니다. 이 문자는 현재 원본 문자 집합에서 잘못된 문자입니다(코드 페이지 65001).
  (소스 파일 'Player.cpp'을(를) 컴파일하는 중)
  
C:\Users\김도윤\Desktop\cg7\2024CG_Project\YsEngine\Player.h(1,1): warning C4828: 파일에 0x1c0 오프셋에서 시작하는 문자가 포함되어 있습니다. 이 문자는 현재 원본 문자 집합에서 잘못된 문자입니다(코드 페이지 65001).
  (소스 파일 'Player.cpp'을(를) 컴파일하는 중)
  
C:\Users\김도윤\Desktop\cg7\2024CG_Project\YsEngine\Player.h(1,1): warning C4828: 파일에 0x1c2 오프셋에서 시작하는 문자가 포함되어 있습니다. 이 문자는 현재 원본 문자 집합에서 잘못된 문자입니다(코드 페이지 65001).
  (소스 파일 'Player.cpp'을(를) 컴파일하는 중)
  
C:\Users\김도윤\Desktop\cg7\2024CG_Project\YsEngine\Player.h(1,1): warning C4828: 파일에 0x1c6 오프셋에서 시작하는 문자가 포함되어 있습니다. 이 문자는 현재 원본 문자 집합에서 잘못된 문자입니다(코드 페이지 65001).
  (소스 파일 'Player.cpp'을(를) 컴파일하는 중)
  
C:\Users\김도윤\Desktop\cg7\2024CG_Project\YsEngine\Player.h(1,1): warning C4828: 파일에 0x1c7 오프셋에서 시작하는 문자가 포함되어 있습니다. 이 문자는 현재 원본 문자 집합에서 잘못된 문자입니다(코드 페이지 65001).
  (소스 파일 'Player.cpp'을(를) 컴파일하는 중)
  
C:\Users\김도윤\Desktop\cg7\2024CG_Project\YsEngine\Player.h(1,1): warning C4828: 파일에 0x1e5 오프셋에서 시작하는 문자가 포함되어 있습니다. 이 문자는 현재 원본 문자 집합에서 잘못된 문자입니다(코드 페이지 65001).
  (소스 파일 'Player.cpp'을(를) 컴파일하는 중)
  
C:\Users\김도윤\Desktop\cg7\2024CG_Project\YsEngine\Player.h(1,1): warning C4828: 파일에 0x1e7 오프셋에서 시작하는 문자가 포함되어 있습니다. 이 문자는 현재 원본 문자 집합에서 잘못된 문자입니다(코드 페이지 65001).
  (소스 파일 'Player.cpp'을(를) 컴파일하는 중)
  
C:\Users\김도윤\Desktop\cg7\2024CG_Project\YsEngine\Player.h(1,1): warning C4828: 파일에 0x1e8 오프셋에서 시작하는 문자가 포함되어 있습니다. 이 문자는 현재 원본 문자 집합에서 잘못된 문자입니다(코드 페이지 65001).
  (소스 파일 'Player.cpp'을(를) 컴파일하는 중)
  
C:\Users\김도윤\Desktop\cg7\2024CG_Project\YsEngine\Player.h(1,1): warning C4828: 파일에 0x1eb 오프셋에서 시작하는 문자가 포함되어 있습니다. 이 문자는 현재 원본 문자 집합에서 잘못된 문자입니다(코드 페이지 65001).
  (소스 파일 'Player.cpp'을(를) 컴파일하는 중)
  
C:\Users\김도윤\Desktop\cg7\2024CG_Project\YsEngine\Player.h(1,1): warning C4828: 파일에 0x1ec 오프셋에서 시작하는 문자가 포함되어 있습니다. 이 문자는 현재 원본 문자 집합에서 잘못된 문자입니다(코드 페이지 65001).
  (소스 파일 'Player.cpp'을(를) 컴파일하는 중)
  
C:\Users\김도윤\Desktop\cg7\2024CG_Project\YsEngine\Player.h(1,1): warning C4828: 파일에 0x1ed 오프셋에서 시작하는 문자가 포함되어 있습니다. 이 문자는 현재 원본 문자 집합에서 잘못된 문자입니다(코드 페이지 65001).
  (소스 파일 'Player.cpp'을(를) 컴파일하는 중)
  
C:\Users\김도윤\Desktop\cg7\2024CG_Project\YsEngine\Player.h(1,1): warning C4828: 파일에 0x1ef 오프셋에서 시작하는 문자가 포함되어 있습니다. 이 문자는 현재 원본 문자 집합에서 잘못된 문자입니다(코드 페이지 65001).
  (소스 파일 'Player.cpp'을(를) 컴파일하는 중)
  
C:\Users\김도윤\Desktop\cg7\2024CG_Project\YsEngine\Player.h(1,1): warning C4828: 파일에 0x1f1 오프셋에서 시작하는 문자가 포함되어 있습니다. 이 문자는 현재 원본 문자 집합에서 잘못된 문자입니다(코드 페이지 65001).
  (소스 파일 'Player.cpp'을(를) 컴파일하는 중)
  
C:\Users\김도윤\Desktop\cg7\2024CG_Project\YsEngine\Player.h(1,1): warning C4828: 파일에 0x1f2 오프셋에서 시작하는 문자가 포함되어 있습니다. 이 문자는 현재 원본 문자 집합에서 잘못된 문자입니다(코드 페이지 65001).
  (소스 파일 'Player.cpp'을(를) 컴파일하는 중)
  
C:\Users\김도윤\Desktop\cg7\2024CG_Project\YsEngine\Player.h(1,1): warning C4828: 파일에 0x1f4 오프셋에서 시작하는 문자가 포함되어 있습니다. 이 문자는 현재 원본 문자 집합에서 잘못된 문자입니다(코드 페이지 65001).
  (소스 파일 'Player.cpp'을(를) 컴파일하는 중)
  
C:\Users\김도윤\Desktop\cg7\2024CG_Project\YsEngine\Player.h(1,1): warning C4828: 파일에 0x215 오프셋에서 시작하는 문자가 포함되어 있습니다. 이 문자는 현재 원본 문자 집합에서 잘못된 문자입니다(코드 페이지 65001).
  (소스 파일 'Player.cpp'을(를) 컴파일하는 중)
  
C:\Users\김도윤\Desktop\cg7\2024CG_Project\YsEngine\Player.h(1,1): warning C4828: 파일에 0x217 오프셋에서 시작하는 문자가 포함되어 있습니다. 이 문자는 현재 원본 문자 집합에서 잘못된 문자입니다(코드 페이지 65001).
  (소스 파일 'Player.cpp'을(를) 컴파일하는 중)
  
C:\Users\김도윤\Desktop\cg7\2024CG_Project\YsEngine\Player.h(1,1): warning C4828: 파일에 0x218 오프셋에서 시작하는 문자가 포함되어 있습니다. 이 문자는 현재 원본 문자 집합에서 잘못된 문자입니다(코드 페이지 65001).
  (소스 파일 'Player.cpp'을(를) 컴파일하는 중)
  
C:\Users\김도윤\Desktop\cg7\2024CG_Project\YsEngine\Player.h(1,1): warning C4828: 파일에 0x21b 오프셋에서 시작하는 문자가 포함되어 있습니다. 이 문자는 현재 원본 문자 집합에서 잘못된 문자입니다(코드 페이지 65001).
  (소스 파일 'Player.cpp'을(를) 컴파일하는 중)
  
C:\Users\김도윤\Desktop\cg7\2024CG_Project\YsEngine\Player.h(1,1): warning C4828: 파일에 0x21c 오프셋에서 시작하는 문자가 포함되어 있습니다. 이 문자는 현재 원본 문자 집합에서 잘못된 문자입니다(코드 페이지 65001).
  (소스 파일 'Player.cpp'을(를) 컴파일하는 중)
  
C:\Users\김도윤\Desktop\cg7\2024CG_Project\YsEngine\Player.h(1,1): warning C4828: 파일에 0x21d 오프셋에서 시작하는 문자가 포함되어 있습니다. 이 문자는 현재 원본 문자 집합에서 잘못된 문자입니다(코드 페이지 65001).
  (소스 파일 'Player.cpp'을(를) 컴파일하는 중)
  
C:\Users\김도윤\Desktop\cg7\2024CG_Project\YsEngine\Player.h(1,1): warning C4828: 파일에 0x21f 오프셋에서 시작하는 문자가 포함되어 있습니다. 이 문자는 현재 원본 문자 집합에서 잘못된 문자입니다(코드 페이지 65001).
  (소스 파일 'Player.cpp'을(를) 컴파일하는 중)
  
C:\Users\김도윤\Desktop\cg7\2024CG_Project\YsEngine\Player.h(1,1): warning C4828: 파일에 0x221 오프셋에서 시작하는 문자가 포함되어 있습니다. 이 문자는 현재 원본 문자 집합에서 잘못된 문자입니다(코드 페이지 65001).
  (소스 파일 'Player.cpp'을(를) 컴파일하는 중)
  
C:\Users\김도윤\Desktop\cg7\2024CG_Project\YsEngine\Player.h(1,1): warning C4828: 파일에 0x222 오프셋에서 시작하는 문자가 포함되어 있습니다. 이 문자는 현재 원본 문자 집합에서 잘못된 문자입니다(코드 페이지 65001).
  (소스 파일 'Player.cpp'을(를) 컴파일하는 중)
  
C:\Users\김도윤\Desktop\cg7\2024CG_Project\YsEngine\Player.h(1,1): warning C4828: 파일에 0x224 오프셋에서 시작하는 문자가 포함되어 있습니다. 이 문자는 현재 원본 문자 집합에서 잘못된 문자입니다(코드 페이지 65001).
  (소스 파일 'Player.cpp'을(를) 컴파일하는 중)
  
C:\Users\김도윤\Desktop\cg7\2024CG_Project\YsEngine\Player.h(1,1): warning C4828: 파일에 0x34d 오프셋에서 시작하는 문자가 포함되어 있습니다. 이 문자는 현재 원본 문자 집합에서 잘못된 문자입니다(코드 페이지 65001).
  (소스 파일 'Player.cpp'을(를) 컴파일하는 중)
  
C:\Users\김도윤\Desktop\cg7\2024CG_Project\YsEngine\Player.h(1,1): warning C4828: 파일에 0x34e 오프셋에서 시작하는 문자가 포함되어 있습니다. 이 문자는 현재 원본 문자 집합에서 잘못된 문자입니다(코드 페이지 65001).
  (소스 파일 'Player.cpp'을(를) 컴파일하는 중)
  
C:\Users\김도윤\Desktop\cg7\2024CG_Project\YsEngine\Player.h(1,1): warning C4828: 파일에 0x34f 오프셋에서 시작하는 문자가 포함되어 있습니다. 이 문자는 현재 원본 문자 집합에서 잘못된 문자입니다(코드 페이지 65001).
  (소스 파일 'Player.cpp'을(를) 컴파일하는 중)
  
C:\Users\김도윤\Desktop\cg7\2024CG_Project\YsEngine\Player.h(1,1): warning C4828: 파일에 0x350 오프셋에서 시작하는 문자가 포함되어 있습니다. 이 문자는 현재 원본 문자 집합에서 잘못된 문자입니다(코드 페이지 65001).
  (소스 파일 'Player.cpp'을(를) 컴파일하는 중)
  
C:\Users\김도윤\Desktop\cg7\2024CG_Project\YsEngine\Player.h(1,1): warning C4828: 파일에 0x352 오프셋에서 시작하는 문자가 포함되어 있습니다. 이 문자는 현재 원본 문자 집합에서 잘못된 문자입니다(코드 페이지 65001).
  (소스 파일 'Player.cpp'을(를) 컴파일하는 중)
  
C:\Users\김도윤\Desktop\cg7\2024CG_Project\YsEngine\Player.h(1,1): warning C4828: 파일에 0x353 오프셋에서 시작하는 문자가 포함되어 있습니다. 이 문자는 현재 원본 문자 집합에서 잘못된 문자입니다(코드 페이지 65001).
  (소스 파일 'Player.cpp'을(를) 컴파일하는 중)
  
C:\Users\김도윤\Desktop\cg7\2024CG_Project\YsEngine\Player.h(1,1): warning C4828: 파일에 0x356 오프셋에서 시작하는 문자가 포함되어 있습니다. 이 문자는 현재 원본 문자 집합에서 잘못된 문자입니다(코드 페이지 65001).
  (소스 파일 'Player.cpp'을(를) 컴파일하는 중)
  
C:\Users\김도윤\Desktop\cg7\2024CG_Project\YsEngine\Player.h(1,1): warning C4828: 파일에 0x357 오프셋에서 시작하는 문자가 포함되어 있습니다. 이 문자는 현재 원본 문자 집합에서 잘못된 문자입니다(코드 페이지 65001).
  (소스 파일 'Player.cpp'을(를) 컴파일하는 중)
  
C:\Users\김도윤\Desktop\cg7\2024CG_Project\YsEngine\Player.h(1,1): warning C4828: 파일에 0x36c 오프셋에서 시작하는 문자가 포함되어 있습니다. 이 문자는 현재 원본 문자 집합에서 잘못된 문자입니다(코드 페이지 65001).
  (소스 파일 'Player.cpp'을(를) 컴파일하는 중)
  
C:\Users\김도윤\Desktop\cg7\2024CG_Project\YsEngine\Player.h(1,1): warning C4828: 파일에 0x36e 오프셋에서 시작하는 문자가 포함되어 있습니다. 이 문자는 현재 원본 문자 집합에서 잘못된 문자입니다(코드 페이지 65001).
  (소스 파일 'Player.cpp'을(를) 컴파일하는 중)
  
C:\Users\김도윤\Desktop\cg7\2024CG_Project\YsEngine\Player.h(1,1): warning C4828: 파일에 0x36f 오프셋에서 시작하는 문자가 포함되어 있습니다. 이 문자는 현재 원본 문자 집합에서 잘못된 문자입니다(코드 페이지 65001).
  (소스 파일 'Player.cpp'을(를) 컴파일하는 중)
  
C:\Users\김도윤\Desktop\cg7\2024CG_Project\YsEngine\Player.h(1,1): warning C4828: 파일에 0x370 오프셋에서 시작하는 문자가 포함되어 있습니다. 이 문자는 현재 원본 문자 집합에서 잘못된 문자입니다(코드 페이지 65001).
  (소스 파일 'Player.cpp'을(를) 컴파일하는 중)
  
C:\Users\김도윤\Desktop\cg7\2024CG_Project\YsEngine\Player.h(1,1): warning C4828: 파일에 0x373 오프셋에서 시작하는 문자가 포함되어 있습니다. 이 문자는 현재 원본 문자 집합에서 잘못된 문자입니다(코드 페이지 65001).
  (소스 파일 'Player.cpp'을(를) 컴파일하는 중)
  
C:\Users\김도윤\Desktop\cg7\2024CG_Project\YsEngine\Player.h(1,1): warning C4828: 파일에 0x377 오프셋에서 시작하는 문자가 포함되어 있습니다. 이 문자는 현재 원본 문자 집합에서 잘못된 문자입니다(코드 페이지 65001).
  (소스 파일 'Player.cpp'을(를) 컴파일하는 중)
  
C:\Users\김도윤\Desktop\cg7\2024CG_Project\YsEngine\Player.h(1,1): warning C4828: 파일에 0x379 오프셋에서 시작하는 문자가 포함되어 있습니다. 이 문자는 현재 원본 문자 집합에서 잘못된 문자입니다(코드 페이지 65001).
  (소스 파일 'Player.cpp'을(를) 컴파일하는 중)
  
C:\Users\김도윤\Desktop\cg7\2024CG_Project\YsEngine\Player.h(1,1): warning C4828: 파일에 0x37a 오프셋에서 시작하는 문자가 포함되어 있습니다. 이 문자는 현재 원본 문자 집합에서 잘못된 문자입니다(코드 페이지 65001).
  (소스 파일 'Player.cpp'을(를) 컴파일하는 중)
  
C:\Users\김도윤\Desktop\cg7\2024CG_Project\YsEngine\Player.h(1,1): warning C4828: 파일에 0x37d 오프셋에서 시작하는 문자가 포함되어 있습니다. 이 문자는 현재 원본 문자 집합에서 잘못된 문자입니다(코드 페이지 65001).
  (소스 파일 'Player.cpp'을(를) 컴파일하는 중)
  
C:\Users\김도윤\Desktop\cg7\2024CG_Project\YsEngine\Player.h(1,1): warning C4828: 파일에 0x37e 오프셋에서 시작하는 문자가 포함되어 있습니다. 이 문자는 현재 원본 문자 집합에서 잘못된 문자입니다(코드 페이지 65001).
  (소스 파일 'Player.cpp'을(를) 컴파일하는 중)
  
C:\Users\김도윤\Desktop\cg7\2024CG_Project\YsEngine\Player.h(1,1): warning C4828: 파일에 0x37f 오프셋에서 시작하는 문자가 포함되어 있습니다. 이 문자는 현재 원본 문자 집합에서 잘못된 문자입니다(코드 페이지 65001).
  (소스 파일 'Player.cpp'을(를) 컴파일하는 중)
  
C:\Users\김도윤\Desktop\cg7\2024CG_Project\YsEngine\Player.h(1,1): warning C4828: 파일에 0x395 오프셋에서 시작하는 문자가 포함되어 있습니다. 이 문자는 현재 원본 문자 집합에서 잘못된 문자입니다(코드 페이지 65001).
  (소스 파일 'Player.cpp'을(를) 컴파일하는 중)
  
C:\Users\김도윤\Desktop\cg7\2024CG_Project\YsEngine\Player.h(1,1): warning C4828: 파일에 0x397 오프셋에서 시작하는 문자가 포함되어 있습니다. 이 문자는 현재 원본 문자 집합에서 잘못된 문자입니다(코드 페이지 65001).
  (소스 파일 'Player.cpp'을(를) 컴파일하는 중)
  
C:\Users\김도윤\Desktop\cg7\2024CG_Project\YsEngine\Player.h(1,1): warning C4828: 파일에 0x398 오프셋에서 시작하는 문자가 포함되어 있습니다. 이 문자는 현재 원본 문자 집합에서 잘못된 문자입니다(코드 페이지 65001).
  (소스 파일 'Player.cpp'을(를) 컴파일하는 중)
  
C:\Users\김도윤\Desktop\cg7\2024CG_Project\YsEngine\Player.h(1,1): warning C4828: 파일에 0x399 오프셋에서 시작하는 문자가 포함되어 있습니다. 이 문자는 현재 원본 문자 집합에서 잘못된 문자입니다(코드 페이지 65001).
  (소스 파일 'Player.cpp'을(를) 컴파일하는 중)
  
C:\Users\김도윤\Desktop\cg7\2024CG_Project\YsEngine\Player.h(1,1): warning C4828: 파일에 0x39c 오프셋에서 시작하는 문자가 포함되어 있습니다. 이 문자는 현재 원본 문자 집합에서 잘못된 문자입니다(코드 페이지 65001).
  (소스 파일 'Player.cpp'을(를) 컴파일하는 중)
  
C:\Users\김도윤\Desktop\cg7\2024CG_Project\YsEngine\Player.h(1,1): warning C4828: 파일에 0x3a0 오프셋에서 시작하는 문자가 포함되어 있습니다. 이 문자는 현재 원본 문자 집합에서 잘못된 문자입니다(코드 페이지 65001).
  (소스 파일 'Player.cpp'을(를) 컴파일하는 중)
  
C:\Users\김도윤\Desktop\cg7\2024CG_Project\YsEngine\Player.h(1,1): warning C4828: 파일에 0x3a2 오프셋에서 시작하는 문자가 포함되어 있습니다. 이 문자는 현재 원본 문자 집합에서 잘못된 문자입니다(코드 페이지 65001).
  (소스 파일 'Player.cpp'을(를) 컴파일하는 중)
  
C:\Users\김도윤\Desktop\cg7\2024CG_Project\YsEngine\Player.h(1,1): warning C4828: 파일에 0x3a3 오프셋에서 시작하는 문자가 포함되어 있습니다. 이 문자는 현재 원본 문자 집합에서 잘못된 문자입니다(코드 페이지 65001).
  (소스 파일 'Player.cpp'을(를) 컴파일하는 중)
  
C:\Users\김도윤\Desktop\cg7\2024CG_Project\YsEngine\Player.h(1,1): warning C4828: 파일에 0x3a6 오프셋에서 시작하는 문자가 포함되어 있습니다. 이 문자는 현재 원본 문자 집합에서 잘못된 문자입니다(코드 페이지 65001).
  (소스 파일 'Player.cpp'을(를) 컴파일하는 중)
  
C:\Users\김도윤\Desktop\cg7\2024CG_Project\YsEngine\Player.h(1,1): warning C4828: 파일에 0x3a7 오프셋에서 시작하는 문자가 포함되어 있습니다. 이 문자는 현재 원본 문자 집합에서 잘못된 문자입니다(코드 페이지 65001).
  (소스 파일 'Player.cpp'을(를) 컴파일하는 중)
  
C:\Users\김도윤\Desktop\cg7\2024CG_Project\YsEngine\Player.h(1,1): warning C4828: 파일에 0x3a8 오프셋에서 시작하는 문자가 포함되어 있습니다. 이 문자는 현재 원본 문자 집합에서 잘못된 문자입니다(코드 페이지 65001).
  (소스 파일 'Player.cpp'을(를) 컴파일하는 중)
  
C:\Users\김도윤\Desktop\cg7\2024CG_Project\YsEngine\Enemy.h(1,1): warning C4828: 파일에 0x13e 오프셋에서 시작하는 문자가 포함되어 있습니다. 이 문자는 현재 원본 문자 집합에서 잘못된 문자입니다(코드 페이지 65001).
  (소스 파일 'Player.cpp'을(를) 컴파일하는 중)
  
C:\Users\김도윤\Desktop\cg7\2024CG_Project\YsEngine\Enemy.h(1,1): warning C4828: 파일에 0x13f 오프셋에서 시작하는 문자가 포함되어 있습니다. 이 문자는 현재 원본 문자 집합에서 잘못된 문자입니다(코드 페이지 65001).
  (소스 파일 'Player.cpp'을(를) 컴파일하는 중)
  
C:\Users\김도윤\Desktop\cg7\2024CG_Project\YsEngine\Enemy.h(1,1): warning C4828: 파일에 0x140 오프셋에서 시작하는 문자가 포함되어 있습니다. 이 문자는 현재 원본 문자 집합에서 잘못된 문자입니다(코드 페이지 65001).
  (소스 파일 'Player.cpp'을(를) 컴파일하는 중)
  
C:\Users\김도윤\Desktop\cg7\2024CG_Project\YsEngine\Enemy.h(1,1): warning C4828: 파일에 0x141 오프셋에서 시작하는 문자가 포함되어 있습니다. 이 문자는 현재 원본 문자 집합에서 잘못된 문자입니다(코드 페이지 65001).
  (소스 파일 'Player.cpp'을(를) 컴파일하는 중)
  
C:\Users\김도윤\Desktop\cg7\2024CG_Project\YsEngine\Enemy.h(1,1): warning C4828: 파일에 0x143 오프셋에서 시작하는 문자가 포함되어 있습니다. 이 문자는 현재 원본 문자 집합에서 잘못된 문자입니다(코드 페이지 65001).
  (소스 파일 'Player.cpp'을(를) 컴파일하는 중)
  
C:\Users\김도윤\Desktop\cg7\2024CG_Project\YsEngine\Enemy.h(1,1): warning C4828: 파일에 0x145 오프셋에서 시작하는 문자가 포함되어 있습니다. 이 문자는 현재 원본 문자 집합에서 잘못된 문자입니다(코드 페이지 65001).
  (소스 파일 'Player.cpp'을(를) 컴파일하는 중)
  
C:\Users\김도윤\Desktop\cg7\2024CG_Project\YsEngine\Enemy.h(1,1): warning C4828: 파일에 0x146 오프셋에서 시작하는 문자가 포함되어 있습니다. 이 문자는 현재 원본 문자 집합에서 잘못된 문자입니다(코드 페이지 65001).
  (소스 파일 'Player.cpp'을(를) 컴파일하는 중)
  
C:\Users\김도윤\Desktop\cg7\2024CG_Project\YsEngine\Enemy.h(1,1): warning C4828: 파일에 0x147 오프셋에서 시작하는 문자가 포함되어 있습니다. 이 문자는 현재 원본 문자 집합에서 잘못된 문자입니다(코드 페이지 65001).
  (소스 파일 'Player.cpp'을(를) 컴파일하는 중)
  
C:\Users\김도윤\Desktop\cg7\2024CG_Project\YsEngine\Enemy.h(1,1): warning C4828: 파일에 0x14a 오프셋에서 시작하는 문자가 포함되어 있습니다. 이 문자는 현재 원본 문자 집합에서 잘못된 문자입니다(코드 페이지 65001).
  (소스 파일 'Player.cpp'을(를) 컴파일하는 중)
  
C:\Users\김도윤\Desktop\cg7\2024CG_Project\YsEngine\Enemy.h(1,1): warning C4828: 파일에 0x14e 오프셋에서 시작하는 문자가 포함되어 있습니다. 이 문자는 현재 원본 문자 집합에서 잘못된 문자입니다(코드 페이지 65001).
  (소스 파일 'Player.cpp'을(를) 컴파일하는 중)
  
C:\Users\김도윤\Desktop\cg7\2024CG_Project\YsEngine\Enemy.h(1,1): warning C4828: 파일에 0x151 오프셋에서 시작하는 문자가 포함되어 있습니다. 이 문자는 현재 원본 문자 집합에서 잘못된 문자입니다(코드 페이지 65001).
  (소스 파일 'Player.cpp'을(를) 컴파일하는 중)
  
C:\Users\김도윤\Desktop\cg7\2024CG_Project\YsEngine\Enemy.h(1,1): warning C4828: 파일에 0x153 오프셋에서 시작하는 문자가 포함되어 있습니다. 이 문자는 현재 원본 문자 집합에서 잘못된 문자입니다(코드 페이지 65001).
  (소스 파일 'Player.cpp'을(를) 컴파일하는 중)
  
C:\Users\김도윤\Desktop\cg7\2024CG_Project\YsEngine\Enemy.h(1,1): warning C4828: 파일에 0x155 오프셋에서 시작하는 문자가 포함되어 있습니다. 이 문자는 현재 원본 문자 집합에서 잘못된 문자입니다(코드 페이지 65001).
  (소스 파일 'Player.cpp'을(를) 컴파일하는 중)
  
C:\Users\김도윤\Desktop\cg7\2024CG_Project\YsEngine\Enemy.h(1,1): warning C4828: 파일에 0x156 오프셋에서 시작하는 문자가 포함되어 있습니다. 이 문자는 현재 원본 문자 집합에서 잘못된 문자입니다(코드 페이지 65001).
  (소스 파일 'Player.cpp'을(를) 컴파일하는 중)
  
C:\Users\김도윤\Desktop\cg7\2024CG_Project\YsEngine\Enemy.h(1,1): warning C4828: 파일에 0x1e7 오프셋에서 시작하는 문자가 포함되어 있습니다. 이 문자는 현재 원본 문자 집합에서 잘못된 문자입니다(코드 페이지 65001).
  (소스 파일 'Player.cpp'을(를) 컴파일하는 중)
  
C:\Users\김도윤\Desktop\cg7\2024CG_Project\YsEngine\Enemy.h(1,1): warning C4828: 파일에 0x1e8 오프셋에서 시작하는 문자가 포함되어 있습니다. 이 문자는 현재 원본 문자 집합에서 잘못된 문자입니다(코드 페이지 65001).
  (소스 파일 'Player.cpp'을(를) 컴파일하는 중)
  
C:\Users\김도윤\Desktop\cg7\2024CG_Project\YsEngine\Enemy.h(1,1): warning C4828: 파일에 0x1e9 오프셋에서 시작하는 문자가 포함되어 있습니다. 이 문자는 현재 원본 문자 집합에서 잘못된 문자입니다(코드 페이지 65001).
  (소스 파일 'Player.cpp'을(를) 컴파일하는 중)
  
C:\Users\김도윤\Desktop\cg7\2024CG_Project\YsEngine\Enemy.h(1,1): warning C4828: 파일에 0x1ea 오프셋에서 시작하는 문자가 포함되어 있습니다. 이 문자는 현재 원본 문자 집합에서 잘못된 문자입니다(코드 페이지 65001).
  (소스 파일 'Player.cpp'을(를) 컴파일하는 중)
  
C:\Users\김도윤\Desktop\cg7\2024CG_Project\YsEngine\Enemy.h(1,1): warning C4828: 파일에 0x1eb 오프셋에서 시작하는 문자가 포함되어 있습니다. 이 문자는 현재 원본 문자 집합에서 잘못된 문자입니다(코드 페이지 65001).
  (소스 파일 'Player.cpp'을(를) 컴파일하는 중)
  
C:\Users\김도윤\Desktop\cg7\2024CG_Project\YsEngine\Enemy.h(1,1): warning C4828: 파일에 0x1ec 오프셋에서 시작하는 문자가 포함되어 있습니다. 이 문자는 현재 원본 문자 집합에서 잘못된 문자입니다(코드 페이지 65001).
  (소스 파일 'Player.cpp'을(를) 컴파일하는 중)
  
C:\Users\김도윤\Desktop\cg7\2024CG_Project\YsEngine\Enemy.h(1,1): warning C4828: 파일에 0x1ee 오프셋에서 시작하는 문자가 포함되어 있습니다. 이 문자는 현재 원본 문자 집합에서 잘못된 문자입니다(코드 페이지 65001).
  (소스 파일 'Player.cpp'을(를) 컴파일하는 중)
  
C:\Users\김도윤\Desktop\cg7\2024CG_Project\YsEngine\Enemy.h(1,1): warning C4828: 파일에 0x1ef 오프셋에서 시작하는 문자가 포함되어 있습니다. 이 문자는 현재 원본 문자 집합에서 잘못된 문자입니다(코드 페이지 65001).
  (소스 파일 'Player.cpp'을(를) 컴파일하는 중)
  
C:\Users\김도윤\Desktop\cg7\2024CG_Project\YsEngine\Enemy.h(1,1): warning C4828: 파일에 0x1f3 오프셋에서 시작하는 문자가 포함되어 있습니다. 이 문자는 현재 원본 문자 집합에서 잘못된 문자입니다(코드 페이지 65001).
  (소스 파일 'Player.cpp'을(를) 컴파일하는 중)
  
C:\Users\김도윤\Desktop\cg7\2024CG_Project\YsEngine\Enemy.h(1,1): warning C4828: 파일에 0x1f4 오프셋에서 시작하는 문자가 포함되어 있습니다. 이 문자는 현재 원본 문자 집합에서 잘못된 문자입니다(코드 페이지 65001).
  (소스 파일 'Player.cpp'을(를) 컴파일하는 중)
  
C:\Users\김도윤\Desktop\cg7\2024CG_Project\YsEngine\Enemy.h(1,1): warning C4828: 파일에 0x1f5 오프셋에서 시작하는 문자가 포함되어 있습니다. 이 문자는 현재 원본 문자 집합에서 잘못된 문자입니다(코드 페이지 65001).
  (소스 파일 'Player.cpp'을(를) 컴파일하는 중)
  
C:\Users\김도윤\Desktop\cg7\2024CG_Project\YsEngine\Enemy.h(1,1): warning C4828: 파일에 0x1f6 오프셋에서 시작하는 문자가 포함되어 있습니다. 이 문자는 현재 원본 문자 집합에서 잘못된 문자입니다(코드 페이지 65001).
  (소스 파일 'Player.cpp'을(를) 컴파일하는 중)
  
C:\Users\김도윤\Desktop\cg7\2024CG_Project\YsEngine\Enemy.h(1,1): warning C4828: 파일에 0x222 오프셋에서 시작하는 문자가 포함되어 있습니다. 이 문자는 현재 원본 문자 집합에서 잘못된 문자입니다(코드 페이지 65001).
  (소스 파일 'Player.cpp'을(를) 컴파일하는 중)
  
C:\Users\김도윤\Desktop\cg7\2024CG_Project\YsEngine\Enemy.h(1,1): warning C4828: 파일에 0x223 오프셋에서 시작하는 문자가 포함되어 있습니다. 이 문자는 현재 원본 문자 집합에서 잘못된 문자입니다(코드 페이지 65001).
  (소스 파일 'Player.cpp'을(를) 컴파일하는 중)
  
C:\Users\김도윤\Desktop\cg7\2024CG_Project\YsEngine\Enemy.h(1,1): warning C4828: 파일에 0x227 오프셋에서 시작하는 문자가 포함되어 있습니다. 이 문자는 현재 원본 문자 집합에서 잘못된 문자입니다(코드 페이지 65001).
  (소스 파일 'Player.cpp'을(를) 컴파일하는 중)
  
C:\Users\김도윤\Desktop\cg7\2024CG_Project\YsEngine\Enemy.h(1,1): warning C4828: 파일에 0x228 오프셋에서 시작하는 문자가 포함되어 있습니다. 이 문자는 현재 원본 문자 집합에서 잘못된 문자입니다(코드 페이지 65001).
  (소스 파일 'Player.cpp'을(를) 컴파일하는 중)
  
C:\Users\김도윤\Desktop\cg7\2024CG_Project\YsEngine\Enemy.h(1,1): warning C4828: 파일에 0x229 오프셋에서 시작하는 문자가 포함되어 있습니다. 이 문자는 현재 원본 문자 집합에서 잘못된 문자입니다(코드 페이지 65001).
  (소스 파일 'Player.cpp'을(를) 컴파일하는 중)
  
C:\Users\김도윤\Desktop\cg7\2024CG_Project\YsEngine\Enemy.h(1,1): warning C4828: 파일에 0x22a 오프셋에서 시작하는 문자가 포함되어 있습니다. 이 문자는 현재 원본 문자 집합에서 잘못된 문자입니다(코드 페이지 65001).
  (소스 파일 'Player.cpp'을(를) 컴파일하는 중)
  
C:\Users\김도윤\Desktop\cg7\2024CG_Project\YsEngine\Enemy.h(1,1): warning C4828: 파일에 0x22e 오프셋에서 시작하는 문자가 포함되어 있습니다. 이 문자는 현재 원본 문자 집합에서 잘못된 문자입니다(코드 페이지 65001).
  (소스 파일 'Player.cpp'을(를) 컴파일하는 중)
  
C:\Users\김도윤\Desktop\cg7\2024CG_Project\YsEngine\Enemy.h(1,1): warning C4828: 파일에 0x22f 오프셋에서 시작하는 문자가 포함되어 있습니다. 이 문자는 현재 원본 문자 집합에서 잘못된 문자입니다(코드 페이지 65001).
  (소스 파일 'Player.cpp'을(를) 컴파일하는 중)
  
C:\Users\김도윤\Desktop\cg7\2024CG_Project\YsEngine\Enemy.h(1,1): warning C4828: 파일에 0x230 오프셋에서 시작하는 문자가 포함되어 있습니다. 이 문자는 현재 원본 문자 집합에서 잘못된 문자입니다(코드 페이지 65001).
  (소스 파일 'Player.cpp'을(를) 컴파일하는 중)
  
C:\Users\김도윤\Desktop\cg7\2024CG_Project\YsEngine\Enemy.h(1,1): warning C4828: 파일에 0x235 오프셋에서 시작하는 문자가 포함되어 있습니다. 이 문자는 현재 원본 문자 집합에서 잘못된 문자입니다(코드 페이지 65001).
  (소스 파일 'Player.cpp'을(를) 컴파일하는 중)
  
C:\Users\김도윤\Desktop\cg7\2024CG_Project\YsEngine\Enemy.h(1,1): warning C4828: 파일에 0x238 오프셋에서 시작하는 문자가 포함되어 있습니다. 이 문자는 현재 원본 문자 집합에서 잘못된 문자입니다(코드 페이지 65001).
  (소스 파일 'Player.cpp'을(를) 컴파일하는 중)
  
C:\Users\김도윤\Desktop\cg7\2024CG_Project\YsEngine\Enemy.h(1,1): warning C4828: 파일에 0x263 오프셋에서 시작하는 문자가 포함되어 있습니다. 이 문자는 현재 원본 문자 집합에서 잘못된 문자입니다(코드 페이지 65001).
  (소스 파일 'Player.cpp'을(를) 컴파일하는 중)
  
C:\Users\김도윤\Desktop\cg7\2024CG_Project\YsEngine\Enemy.h(1,1): warning C4828: 파일에 0x264 오프셋에서 시작하는 문자가 포함되어 있습니다. 이 문자는 현재 원본 문자 집합에서 잘못된 문자입니다(코드 페이지 65001).
  (소스 파일 'Player.cpp'을(를) 컴파일하는 중)
  
C:\Users\김도윤\Desktop\cg7\2024CG_Project\YsEngine\Enemy.h(1,1): warning C4828: 파일에 0x268 오프셋에서 시작하는 문자가 포함되어 있습니다. 이 문자는 현재 원본 문자 집합에서 잘못된 문자입니다(코드 페이지 65001).
  (소스 파일 'Player.cpp'을(를) 컴파일하는 중)
  
C:\Users\김도윤\Desktop\cg7\2024CG_Project\YsEngine\Enemy.h(1,1): warning C4828: 파일에 0x269 오프셋에서 시작하는 문자가 포함되어 있습니다. 이 문자는 현재 원본 문자 집합에서 잘못된 문자입니다(코드 페이지 65001).
  (소스 파일 'Player.cpp'을(를) 컴파일하는 중)
  
C:\Users\김도윤\Desktop\cg7\2024CG_Project\YsEngine\Enemy.h(1,1): warning C4828: 파일에 0x26a 오프셋에서 시작하는 문자가 포함되어 있습니다. 이 문자는 현재 원본 문자 집합에서 잘못된 문자입니다(코드 페이지 65001).
  (소스 파일 'Player.cpp'을(를) 컴파일하는 중)
  
C:\Users\김도윤\Desktop\cg7\2024CG_Project\YsEngine\Enemy.h(1,1): warning C4828: 파일에 0x26b 오프셋에서 시작하는 문자가 포함되어 있습니다. 이 문자는 현재 원본 문자 집합에서 잘못된 문자입니다(코드 페이지 65001).
  (소스 파일 'Player.cpp'을(를) 컴파일하는 중)
  
C:\Users\김도윤\Desktop\cg7\2024CG_Project\YsEngine\Enemy.h(1,1): warning C4828: 파일에 0x270 오프셋에서 시작하는 문자가 포함되어 있습니다. 이 문자는 현재 원본 문자 집합에서 잘못된 문자입니다(코드 페이지 65001).
  (소스 파일 'Player.cpp'을(를) 컴파일하는 중)
  
C:\Users\김도윤\Desktop\cg7\2024CG_Project\YsEngine\Enemy.h(1,1): warning C4828: 파일에 0x273 오프셋에서 시작하는 문자가 포함되어 있습니다. 이 문자는 현재 원본 문자 집합에서 잘못된 문자입니다(코드 페이지 65001).
  (소스 파일 'Player.cpp'을(를) 컴파일하는 중)
  
C:\Users\김도윤\Desktop\cg7\2024CG_Project\YsEngine\Enemy.h(1,1): warning C4828: 파일에 0x294 오프셋에서 시작하는 문자가 포함되어 있습니다. 이 문자는 현재 원본 문자 집합에서 잘못된 문자입니다(코드 페이지 65001).
  (소스 파일 'Player.cpp'을(를) 컴파일하는 중)
  
C:\Users\김도윤\Desktop\cg7\2024CG_Project\YsEngine\Enemy.h(1,1): warning C4828: 파일에 0x296 오프셋에서 시작하는 문자가 포함되어 있습니다. 이 문자는 현재 원본 문자 집합에서 잘못된 문자입니다(코드 페이지 65001).
  (소스 파일 'Player.cpp'을(를) 컴파일하는 중)
  
C:\Users\김도윤\Desktop\cg7\2024CG_Project\YsEngine\Enemy.h(1,1): warning C4828: 파일에 0x297 오프셋에서 시작하는 문자가 포함되어 있습니다. 이 문자는 현재 원본 문자 집합에서 잘못된 문자입니다(코드 페이지 65001).
  (소스 파일 'Player.cpp'을(를) 컴파일하는 중)
  
C:\Users\김도윤\Desktop\cg7\2024CG_Project\YsEngine\Enemy.h(1,1): warning C4828: 파일에 0x298 오프셋에서 시작하는 문자가 포함되어 있습니다. 이 문자는 현재 원본 문자 집합에서 잘못된 문자입니다(코드 페이지 65001).
  (소스 파일 'Player.cpp'을(를) 컴파일하는 중)
  
C:\Users\김도윤\Desktop\cg7\2024CG_Project\YsEngine\Enemy.h(1,1): warning C4828: 파일에 0x29f 오프셋에서 시작하는 문자가 포함되어 있습니다. 이 문자는 현재 원본 문자 집합에서 잘못된 문자입니다(코드 페이지 65001).
  (소스 파일 'Player.cpp'을(를) 컴파일하는 중)
  
C:\Users\김도윤\Desktop\cg7\2024CG_Project\YsEngine\Enemy.h(1,1): warning C4828: 파일에 0x2a1 오프셋에서 시작하는 문자가 포함되어 있습니다. 이 문자는 현재 원본 문자 집합에서 잘못된 문자입니다(코드 페이지 65001).
  (소스 파일 'Player.cpp'을(를) 컴파일하는 중)
  
C:\Users\김도윤\Desktop\cg7\2024CG_Project\YsEngine\Enemy.h(1,1): warning C4828: 파일에 0x2a4 오프셋에서 시작하는 문자가 포함되어 있습니다. 이 문자는 현재 원본 문자 집합에서 잘못된 문자입니다(코드 페이지 65001).
  (소스 파일 'Player.cpp'을(를) 컴파일하는 중)
  
C:\Users\김도윤\Desktop\cg7\2024CG_Project\YsEngine\Enemy.h(1,1): warning C4828: 파일에 0x2a6 오프셋에서 시작하는 문자가 포함되어 있습니다. 이 문자는 현재 원본 문자 집합에서 잘못된 문자입니다(코드 페이지 65001).
  (소스 파일 'Player.cpp'을(를) 컴파일하는 중)
  
C:\Users\김도윤\Desktop\cg7\2024CG_Project\YsEngine\Enemy.h(1,1): warning C4828: 파일에 0x2a7 오프셋에서 시작하는 문자가 포함되어 있습니다. 이 문자는 현재 원본 문자 집합에서 잘못된 문자입니다(코드 페이지 65001).
  (소스 파일 'Player.cpp'을(를) 컴파일하는 중)
  
C:\Users\김도윤\Desktop\cg7\2024CG_Project\YsEngine\Enemy.h(1,1): warning C4828: 파일에 0x2a8 오프셋에서 시작하는 문자가 포함되어 있습니다. 이 문자는 현재 원본 문자 집합에서 잘못된 문자입니다(코드 페이지 65001).
  (소스 파일 'Player.cpp'을(를) 컴파일하는 중)
  
C:\Users\김도윤\Desktop\cg7\2024CG_Project\YsEngine\Enemy.h(1,1): warning C4828: 파일에 0x2a9 오프셋에서 시작하는 문자가 포함되어 있습니다. 이 문자는 현재 원본 문자 집합에서 잘못된 문자입니다(코드 페이지 65001).
  (소스 파일 'Player.cpp'을(를) 컴파일하는 중)
  
C:\Users\김도윤\Desktop\cg7\2024CG_Project\YsEngine\Enemy.h(1,1): warning C4828: 파일에 0x2ab 오프셋에서 시작하는 문자가 포함되어 있습니다. 이 문자는 현재 원본 문자 집합에서 잘못된 문자입니다(코드 페이지 65001).
  (소스 파일 'Player.cpp'을(를) 컴파일하는 중)
  
C:\Users\김도윤\Desktop\cg7\2024CG_Project\YsEngine\Enemy.h(1,1): warning C4828: 파일에 0x2ae 오프셋에서 시작하는 문자가 포함되어 있습니다. 이 문자는 현재 원본 문자 집합에서 잘못된 문자입니다(코드 페이지 65001).
  (소스 파일 'Player.cpp'을(를) 컴파일하는 중)
  
C:\Users\김도윤\Desktop\cg7\2024CG_Project\YsEngine\Enemy.h(1,1): warning C4828: 파일에 0x2ce 오프셋에서 시작하는 문자가 포함되어 있습니다. 이 문자는 현재 원본 문자 집합에서 잘못된 문자입니다(코드 페이지 65001).
  (소스 파일 'Player.cpp'을(를) 컴파일하는 중)
  
C:\Users\김도윤\Desktop\cg7\2024CG_Project\YsEngine\Enemy.h(1,1): warning C4828: 파일에 0x2d0 오프셋에서 시작하는 문자가 포함되어 있습니다. 이 문자는 현재 원본 문자 집합에서 잘못된 문자입니다(코드 페이지 65001).
  (소스 파일 'Player.cpp'을(를) 컴파일하는 중)
  
C:\Users\김도윤\Desktop\cg7\2024CG_Project\YsEngine\Enemy.h(1,1): warning C4828: 파일에 0x2d1 오프셋에서 시작하는 문자가 포함되어 있습니다. 이 문자는 현재 원본 문자 집합에서 잘못된 문자입니다(코드 페이지 65001).
  (소스 파일 'Player.cpp'을(를) 컴파일하는 중)
  
C:\Users\김도윤\Desktop\cg7\2024CG_Project\YsEngine\Enemy.h(1,1): warning C4828: 파일에 0x2d2 오프셋에서 시작하는 문자가 포함되어 있습니다. 이 문자는 현재 원본 문자 집합에서 잘못된 문자입니다(코드 페이지 65001).
  (소스 파일 'Player.cpp'을(를) 컴파일하는 중)
  
C:\Users\김도윤\Desktop\cg7\2024CG_Project\YsEngine\Enemy.h(1,1): warning C4828: 파일에 0x2d9 오프셋에서 시작하는 문자가 포함되어 있습니다. 이 문자는 현재 원본 문자 집합에서 잘못된 문자입니다(코드 페이지 65001).
  (소스 파일 'Player.cpp'을(를) 컴파일하는 중)
  
C:\Users\김도윤\Desktop\cg7\2024CG_Project\YsEngine\Enemy.h(1,1): warning C4828: 파일에 0x2da 오프셋에서 시작하는 문자가 포함되어 있습니다. 이 문자는 현재 원본 문자 집합에서 잘못된 문자입니다(코드 페이지 65001).
  (소스 파일 'Player.cpp'을(를) 컴파일하는 중)
  
C:\Users\김도윤\Desktop\cg7\2024CG_Project\YsEngine\Enemy.h(1,1): warning C4828: 파일에 0x2db 오프셋에서 시작하는 문자가 포함되어 있습니다. 이 문자는 현재 원본 문자 집합에서 잘못된 문자입니다(코드 페이지 65001).
  (소스 파일 'Player.cpp'을(를) 컴파일하는 중)
  
C:\Users\김도윤\Desktop\cg7\2024CG_Project\YsEngine\Enemy.h(1,1): warning C4828: 파일에 0x2dc 오프셋에서 시작하는 문자가 포함되어 있습니다. 이 문자는 현재 원본 문자 집합에서 잘못된 문자입니다(코드 페이지 65001).
  (소스 파일 'Player.cpp'을(를) 컴파일하는 중)
  
C:\Users\김도윤\Desktop\cg7\2024CG_Project\YsEngine\Enemy.h(1,1): warning C4828: 파일에 0x2e0 오프셋에서 시작하는 문자가 포함되어 있습니다. 이 문자는 현재 원본 문자 집합에서 잘못된 문자입니다(코드 페이지 65001).
  (소스 파일 'Player.cpp'을(를) 컴파일하는 중)
  
C:\Users\김도윤\Desktop\cg7\2024CG_Project\YsEngine\Enemy.h(1,1): warning C4828: 파일에 0x2e1 오프셋에서 시작하는 문자가 포함되어 있습니다. 이 문자는 현재 원본 문자 집합에서 잘못된 문자입니다(코드 페이지 65001).
  (소스 파일 'Player.cpp'을(를) 컴파일하는 중)
  
C:\Users\김도윤\Desktop\cg7\2024CG_Project\YsEngine\Enemy.h(1,1): warning C4828: 파일에 0x2e5 오프셋에서 시작하는 문자가 포함되어 있습니다. 이 문자는 현재 원본 문자 집합에서 잘못된 문자입니다(코드 페이지 65001).
  (소스 파일 'Player.cpp'을(를) 컴파일하는 중)
  
C:\Users\김도윤\Desktop\cg7\2024CG_Project\YsEngine\Enemy.h(1,1): warning C4828: 파일에 0x2e6 오프셋에서 시작하는 문자가 포함되어 있습니다. 이 문자는 현재 원본 문자 집합에서 잘못된 문자입니다(코드 페이지 65001).
  (소스 파일 'Player.cpp'을(를) 컴파일하는 중)
  
C:\Users\김도윤\Desktop\cg7\2024CG_Project\YsEngine\Enemy.h(1,1): warning C4828: 파일에 0x2e8 오프셋에서 시작하는 문자가 포함되어 있습니다. 이 문자는 현재 원본 문자 집합에서 잘못된 문자입니다(코드 페이지 65001).
  (소스 파일 'Player.cpp'을(를) 컴파일하는 중)
  
C:\Users\김도윤\Desktop\cg7\2024CG_Project\YsEngine\Enemy.h(1,1): warning C4828: 파일에 0x2e9 오프셋에서 시작하는 문자가 포함되어 있습니다. 이 문자는 현재 원본 문자 집합에서 잘못된 문자입니다(코드 페이지 65001).
  (소스 파일 'Player.cpp'을(를) 컴파일하는 중)
  
C:\Users\김도윤\Desktop\cg7\2024CG_Project\YsEngine\Enemy.h(1,1): warning C4828: 파일에 0x2ea 오프셋에서 시작하는 문자가 포함되어 있습니다. 이 문자는 현재 원본 문자 집합에서 잘못된 문자입니다(코드 페이지 65001).
  (소스 파일 'Player.cpp'을(를) 컴파일하는 중)
  
C:\Users\김도윤\Desktop\cg7\2024CG_Project\YsEngine\Enemy.h(1,1): warning C4828: 파일에 0x2eb 오프셋에서 시작하는 문자가 포함되어 있습니다. 이 문자는 현재 원본 문자 집합에서 잘못된 문자입니다(코드 페이지 65001).
  (소스 파일 'Player.cpp'을(를) 컴파일하는 중)
  
C:\Users\김도윤\Desktop\cg7\2024CG_Project\YsEngine\Enemy.h(1,1): warning C4828: 파일에 0x309 오프셋에서 시작하는 문자가 포함되어 있습니다. 이 문자는 현재 원본 문자 집합에서 잘못된 문자입니다(코드 페이지 65001).
  (소스 파일 'Player.cpp'을(를) 컴파일하는 중)
  
C:\Users\김도윤\Desktop\cg7\2024CG_Project\YsEngine\Enemy.h(1,1): warning C4828: 파일에 0x30a 오프셋에서 시작하는 문자가 포함되어 있습니다. 이 문자는 현재 원본 문자 집합에서 잘못된 문자입니다(코드 페이지 65001).
  (소스 파일 'Player.cpp'을(를) 컴파일하는 중)
  
C:\Users\김도윤\Desktop\cg7\2024CG_Project\YsEngine\Enemy.h(1,1): warning C4828: 파일에 0x30b 오프셋에서 시작하는 문자가 포함되어 있습니다. 이 문자는 현재 원본 문자 집합에서 잘못된 문자입니다(코드 페이지 65001).
  (소스 파일 'Player.cpp'을(를) 컴파일하는 중)
  
C:\Users\김도윤\Desktop\cg7\2024CG_Project\YsEngine\Enemy.h(1,1): warning C4828: 파일에 0x30c 오프셋에서 시작하는 문자가 포함되어 있습니다. 이 문자는 현재 원본 문자 집합에서 잘못된 문자입니다(코드 페이지 65001).
  (소스 파일 'Player.cpp'을(를) 컴파일하는 중)
  
C:\Users\김도윤\Desktop\cg7\2024CG_Project\YsEngine\Enemy.h(1,1): warning C4828: 파일에 0x30e 오프셋에서 시작하는 문자가 포함되어 있습니다. 이 문자는 현재 원본 문자 집합에서 잘못된 문자입니다(코드 페이지 65001).
  (소스 파일 'Player.cpp'을(를) 컴파일하는 중)
  
C:\Users\김도윤\Desktop\cg7\2024CG_Project\YsEngine\Enemy.h(1,1): warning C4828: 파일에 0x30f 오프셋에서 시작하는 문자가 포함되어 있습니다. 이 문자는 현재 원본 문자 집합에서 잘못된 문자입니다(코드 페이지 65001).
  (소스 파일 'Player.cpp'을(를) 컴파일하는 중)
  
C:\Users\김도윤\Desktop\cg7\2024CG_Project\YsEngine\Enemy.h(1,1): warning C4828: 파일에 0x312 오프셋에서 시작하는 문자가 포함되어 있습니다. 이 문자는 현재 원본 문자 집합에서 잘못된 문자입니다(코드 페이지 65001).
  (소스 파일 'Player.cpp'을(를) 컴파일하는 중)
  
C:\Users\김도윤\Desktop\cg7\2024CG_Project\YsEngine\Enemy.h(1,1): warning C4828: 파일에 0x313 오프셋에서 시작하는 문자가 포함되어 있습니다. 이 문자는 현재 원본 문자 집합에서 잘못된 문자입니다(코드 페이지 65001).
  (소스 파일 'Player.cpp'을(를) 컴파일하는 중)
  
  YsEngine.vcxproj -> C:\Users\김도윤\Desktop\cg7\2024CG_Project\YsEngine\x64\Debug\YsEngine.exe
